[INFO  - 2016-09-02T21:14:17.767Z] GhostDriver - Main - running on port 38747
[INFO  - 2016-09-02T21:14:18.108Z] Session [358c6870-7152-11e6-8d0c-d13486e41646] - page.settings - {"XSSAuditingEnabled":false,"javascriptCanCloseWindows":true,"javascriptCanOpenWindows":true,"javascriptEnabled":true,"loadImages":true,"localToRemoteUrlAccessEnabled":false,"userAgent":"Mozilla/5.0 (Windows NT 6.2; WOW64) AppleWebKit/538.1 (KHTML, like Gecko) PhantomJS/2.1.1 Safari/538.1","webSecurityEnabled":true}
[INFO  - 2016-09-02T21:14:18.108Z] Session [358c6870-7152-11e6-8d0c-d13486e41646] - page.customHeaders:  - {}
[INFO  - 2016-09-02T21:14:18.109Z] Session [358c6870-7152-11e6-8d0c-d13486e41646] - Session.negotiatedCapabilities - {"browserName":"phantomjs","version":"2.1.1","driverName":"ghostdriver","driverVersion":"1.2.0","platform":"windows-10-32bit","javascriptEnabled":true,"takesScreenshot":true,"handlesAlerts":false,"databaseEnabled":false,"locationContextEnabled":false,"applicationCacheEnabled":false,"browserConnectionEnabled":false,"cssSelectorsEnabled":true,"webStorageEnabled":false,"rotatable":false,"acceptSslCerts":false,"nativeEvents":true,"proxy":{"proxyType":"direct"}}
[INFO  - 2016-09-02T21:14:18.109Z] SessionManagerReqHand - _postNewSessionCommand - New Session Created: 358c6870-7152-11e6-8d0c-d13486e41646
[INFO  - 2016-09-02T21:14:18.482Z] ShutdownReqHand - _handle - About to shutdown
[INFO  - 2016-09-02T21:14:20.765Z] GhostDriver - Main - running on port 6930
[INFO  - 2016-09-02T21:14:20.931Z] Session [373b50f0-7152-11e6-9759-bff34ee83faf] - page.settings - {"XSSAuditingEnabled":false,"javascriptCanCloseWindows":true,"javascriptCanOpenWindows":true,"javascriptEnabled":true,"loadImages":true,"localToRemoteUrlAccessEnabled":false,"userAgent":"Mozilla/5.0 (Windows NT 6.2; WOW64) AppleWebKit/538.1 (KHTML, like Gecko) PhantomJS/2.1.1 Safari/538.1","webSecurityEnabled":true}
[INFO  - 2016-09-02T21:14:20.931Z] Session [373b50f0-7152-11e6-9759-bff34ee83faf] - page.customHeaders:  - {}
[INFO  - 2016-09-02T21:14:20.932Z] Session [373b50f0-7152-11e6-9759-bff34ee83faf] - Session.negotiatedCapabilities - {"browserName":"phantomjs","version":"2.1.1","driverName":"ghostdriver","driverVersion":"1.2.0","platform":"windows-10-32bit","javascriptEnabled":true,"takesScreenshot":true,"handlesAlerts":false,"databaseEnabled":false,"locationContextEnabled":false,"applicationCacheEnabled":false,"browserConnectionEnabled":false,"cssSelectorsEnabled":true,"webStorageEnabled":false,"rotatable":false,"acceptSslCerts":false,"nativeEvents":true,"proxy":{"proxyType":"direct"}}
[INFO  - 2016-09-02T21:14:20.932Z] SessionManagerReqHand - _postNewSessionCommand - New Session Created: 373b50f0-7152-11e6-9759-bff34ee83faf
[INFO  - 2016-09-02T21:19:20.954Z] SessionManagerReqHand - _cleanupWindowlessSessions - Asynchronous Sessions clean-up phase starting NOW
[INFO  - 2016-09-02T21:24:20.966Z] SessionManagerReqHand - _cleanupWindowlessSessions - Asynchronous Sessions clean-up phase starting NOW
[INFO  - 2016-09-02T21:29:20.969Z] SessionManagerReqHand - _cleanupWindowlessSessions - Asynchronous Sessions clean-up phase starting NOW
[INFO  - 2016-09-02T21:34:20.969Z] SessionManagerReqHand - _cleanupWindowlessSessions - Asynchronous Sessions clean-up phase starting NOW
2-11e6-bc63-f7026d5cfe2a] - page.customHeaders:  - {}
[INFO  - 2016-09-02T21:15:03.454Z] Session [5093a890-7152-11e6-bc63-f7026d5cfe2a] - Session.negotiatedCapabilities - {"browserName":"phantomjs","version":"2.1.1","driverName":"ghostdriver","driverVersion":"1.2.0","platform":"windows-10-32bit","javascriptEnabled":true,"takesScreenshot":true,"handlesAlerts":false,"databaseEnabled":false,"locationContextEnabled":false,"applicationCacheEnabled":false,"browserConnectionEnabled":false,"cssSelectorsEnabled":true,"webStorageEnabled":false,"rotatable":false,"acceptSslCerts":false,"nativeEvents":true,"proxy":{"proxyType":"direct"}}
[INFO  - 2016-09-02T21:15:03.455Z] SessionManagerReqHand - _postNewSessionCommand - New Session Created: 5093a890-7152-11e6-bc63-f7026d5cfe2a
[INFO  - 2016-09-02T21:15:03.809Z] ShutdownReqHand - _handle - About to shutdown
[INFO  - 2016-09-02T21:15:06.066Z] GhostDriver - Main - running on port 43787
[INFO  - 2016-09-02T21:15:06.224Z] Session [523a53b0-7152-11e6-9214-8568b9bfaf83] - page.settings - {"XSSAuditingEnabled":false,"javascriptCanCloseWindows":true,"javascriptCanOpenWindows":true,"javascriptEnabled":true,"loadImages":true,"localToRemoteUrlAccessEnabled":false,"userAgent":"Mozilla/5.0 (Windows NT 6.2; WOW64) AppleWebKit/538.1 (KHTML, like Gecko) PhantomJS/2.1.1 Safari/538.1","webSecurityEnabled":true}
[INFO  - 2016-09-02T21:15:06.224Z] Session [523a53b0-7152-11e6-9214-8568b9bfaf83] - page.customHeaders:  - {}
[INFO  - 2016-09-02T21:15:06.224Z] Session [523a53b0-7152-11e6-9214-8568b9bfaf83] - Session.negotiatedCapabilities - {"browserName":"phantomjs","version":"2.1.1","driverName":"ghostdriver","driverVersion":"1.2.0","platform":"windows-10-32bit","javascriptEnabled":true,"takesScreenshot":true,"handlesAlerts":false,"databaseEnabled":false,"locationContextEnabled":false,"applicationCacheEnabled":false,"browserConnectionEnabled":false,"cssSelectorsEnabled":true,"webStorageEnabled":false,"rotatable":false,"acceptSslCerts":false,"nativeEvents":true,"proxy":{"proxyType":"direct"}}
[INFO  - 2016-09-02T21:15:06.224Z] SessionManagerReqHand - _postNewSessionCommand - New Session Created: 523a53b0-7152-11e6-9214-8568b9bfaf83
[INFO  - 2016-09-02T21:15:06.474Z] ShutdownReqHand - _handle - About to shutdown
[INFO  - 2016-09-02T21:17:03.017Z] GhostDriver - Main - running on port 10223
[INFO  - 2016-09-02T21:17:03.247Z] Session [97fa9ea0-7152-11e6-949d-d74080f05345] - page.settings - {"XSSAuditingEnabled":false,"javascriptCanCloseWindows":true,"javascriptCanOpenWindows":true,"javascriptEnabled":true,"loadImages":true,"localToRemoteUrlAccessEnabled":false,"userAgent":"Mozilla/5.0 (Windows NT 6.2; WOW64) AppleWebKit/538.1 (KHTML, like Gecko) PhantomJS/2.1.1 Safari/538.1","webSecurityEnabled":true}
[INFO  - 2016-09-02T21:17:03.247Z] Session [97fa9ea0-7152-11e6-949d-d74080f05345] - page.customHeaders:  - {}
[INFO  - 2016-09-02T21:17:03.247Z] Session [97fa9ea0-7152-11e6-949d-d74080f05345] - Session.negotiatedCapabilities - {"browserName":"phantomjs","version":"2.1.1","driverName":"ghostdriver","driverVersion":"1.2.0","platform":"windows-10-32bit","javascriptEnabled":true,"takesScreenshot":true,"handlesAlerts":false,"databaseEnabled":false,"locationContextEnabled":false,"applicationCacheEnabled":false,"browserConnectionEnabled":false,"cssSelectorsEnabled":true,"webStorageEnabled":false,"rotatable":false,"acceptSslCerts":false,"nativeEvents":true,"proxy":{"proxyType":"direct"}}
[INFO  - 2016-09-02T21:17:03.247Z] SessionManagerReqHand - _postNewSessionCommand - New Session Created: 97fa9ea0-7152-11e6-949d-d74080f05345
[INFO  - 2016-09-02T21:17:03.505Z] ShutdownReqHand - _handle - About to shutdown
[INFO  - 2016-09-02T21:17:05.719Z] GhostDriver - Main - running on port 8921
[INFO  - 2016-09-02T21:17:05.877Z] Session [998c1410-7152-11e6-bb9a-49858a211af1] - page.settings - {"XSSAuditingEnabled":false,"javascriptCanCloseWindows":true,"javascriptCanOpenWindows":true,"javascriptEnabled":true,"loadImages":true,"localToRemoteUrlAccessEnabled":false,"userAgent":"Mozilla/5.0 (Windows NT 6.2; WOW64) AppleWebKit/538.1 (KHTML, like Gecko) PhantomJS/2.1.1 Safari/538.1","webSecurityEnabled":true}
[INFO  - 2016-09-02T21:17:05.878Z] Session [998c1410-7152-11e6-bb9a-49858a211af1] - page.customHeaders:  - {}
[INFO  - 2016-09-02T21:17:05.878Z] Session [998c1410-7152-11e6-bb9a-49858a211af1] - Session.negotiatedCapabilities - {"browserName":"phantomjs","version":"2.1.1","driverName":"ghostdriver","driverVersion":"1.2.0","platform":"windows-10-32bit","javascriptEnabled":true,"takesScreenshot":true,"handlesAlerts":false,"databaseEnabled":false,"locationContextEnabled":false,"applicationCacheEnabled":false,"browserConnectionEnabled":false,"cssSelectorsEnabled":true,"webStorageEnabled":false,"rotatable":false,"acceptSslCerts":false,"nativeEvents":true,"proxy":{"proxyType":"direct"}}
[INFO  - 2016-09-02T21:17:05.878Z] SessionManagerReqHand - _postNewSessionCommand - New Session Created: 998c1410-7152-11e6-bb9a-49858a211af1
[INFO  - 2016-09-02T21:17:06.218Z] ShutdownReqHand - _handle - About to shutdown
[INFO  - 2016-09-02T21:18:58.894Z] GhostDriver - Main - running on port 24421
[INFO  - 2016-09-02T21:18:59.053Z] Session [dd015d90-7152-11e6-b4f4-d9b290bbec01] - page.settings - {"XSSAuditingEnabled":false,"javascriptCanCloseWindows":true,"javascriptCanOpenWindows":true,"javascriptEnabled":true,"loadImages":true,"localToRemoteUrlAccessEnabled":false,"userAgent":"Mozilla/5.0 (Windows NT 6.2; WOW64) AppleWebKit/538.1 (KHTML, like Gecko) PhantomJS/2.1.1 Safari/538.1","webSecurityEnabled":true}
[INFO  - 2016-09-02T21:18:59.053Z] Session [dd015d90-7152-11e6-b4f4-d9b290bbec01] - page.customHeaders:  - {}
[INFO  - 2016-09-02T21:18:59.053Z] Session [dd015d90-7152-11e6-b4f4-d9b290bbec01] - Session.negotiatedCapabilities - {"browserName":"phantomjs","version":"2.1.1","driverName":"ghostdriver","driverVersion":"1.2.0","platform":"windows-10-32bit","javascriptEnabled":true,"takesScreenshot":true,"handlesAlerts":false,"databaseEnabled":false,"locationContextEnabled":false,"applicationCacheEnabled":false,"browserConnectionEnabled":false,"cssSelectorsEnabled":true,"webStorageEnabled":false,"rotatable":false,"acceptSslCerts":false,"nativeEvents":true,"proxy":{"proxyType":"direct"}}
[INFO  - 2016-09-02T21:18:59.053Z] SessionManagerReqHand - _postNewSessionCommand - New Session Created: dd015d90-7152-11e6-b4f4-d9b290bbec01
[INFO  - 2016-09-02T21:18:59.310Z] ShutdownReqHand - _handle - About to shutdown
[INFO  - 2016-09-02T21:19:02.188Z] GhostDriver - Main - running on port 9013
[INFO  - 2016-09-02T21:19:02.367Z] Session [defabc90-7152-11e6-8647-b3b57e42fd8b] - page.settings - {"XSSAuditingEnabled":false,"javascriptCanCloseWindows":true,"javascriptCanOpenWindows":true,"javascriptEnabled":true,"loadImages":true,"localToRemoteUrlAccessEnabled":false,"userAgent":"Mozilla/5.0 (Windows NT 6.2; WOW64) AppleWebKit/538.1 (KHTML, like Gecko) PhantomJS/2.1.1 Safari/538.1","webSecurityEnabled":true}
[INFO  - 2016-09-02T21:19:02.367Z] Session [defabc90-7152-11e6-8647-b3b57e42fd8b] - page.customHeaders:  - {}
[INFO  - 2016-09-02T21:19:02.367Z] Session [defabc90-7152-11e6-8647-b3b57e42fd8b] - Session.negotiatedCapabilities - {"browserName":"phantomjs","version":"2.1.1","driverName":"ghostdriver","driverVersion":"1.2.0","platform":"windows-10-32bit","javascriptEnabled":true,"takesScreenshot":true,"handlesAlerts":false,"databaseEnabled":false,"locationContextEnabled":false,"applicationCacheEnabled":false,"browserConnectionEnabled":false,"cssSelectorsEnabled":true,"webStorageEnabled":false,"rotatable":false,"acceptSslCerts":false,"nativeEvents":true,"proxy":{"proxyType":"direct"}}
[INFO  - 2016-09-02T21:19:02.367Z] SessionManagerReqHand - _postNewSessionCommand - New Session Created: defabc90-7152-11e6-8647-b3b57e42fd8b
[INFO  - 2016-09-02T21:19:02.721Z] ShutdownReqHand - _handle - About to shutdown
